2025-10-27 09:29:10 | WARNING  | app.services.text_fitter:_detect_system_fonts:140 - fonttools not available, using simplified font detection
2025-10-27 09:29:10 | INFO     | app.services.text_fitter:_initialize_fonts:94 - Font system initialized with 4 fonts
2025-10-27 09:29:10 | INFO     | app.services.text_fitter:__init__:87 - Enhanced TextFitter initialized with PIL integration
2025-10-27 09:29:10 | INFO     | app.services.slide_validator:__init__:106 - Enhanced TextFitter integration enabled for validation
2025-10-27 09:29:10 | WARNING  | app.services.text_fitter:_detect_system_fonts:140 - fonttools not available, using simplified font detection
2025-10-27 09:29:10 | INFO     | app.services.text_fitter:_initialize_fonts:94 - Font system initialized with 4 fonts
2025-10-27 09:29:10 | INFO     | app.services.text_fitter:__init__:87 - Enhanced TextFitter initialized with PIL integration
2025-10-27 09:29:10 | INFO     | app.services.slide_validator:__init__:106 - Enhanced TextFitter integration enabled for validation
2025-10-27 09:29:10 | INFO     | app.services.slide_validator:validate_slide:236 - Enhanced slide validation: valid=False, critical=2, warnings=3, time=38.2ms
2025-10-27 09:29:10 | INFO     | app.services.slide_validator:validate_slide:236 - Enhanced slide validation: valid=False, critical=1, warnings=3, time=7.0ms
2025-10-27 09:29:10 | INFO     | app.services.slide_validator:validate_slide:236 - Enhanced slide validation: valid=False, critical=1, warnings=6, time=11.1ms
2025-10-27 09:29:10 | ERROR    | app.services.slide_validator:_check_empty_content:1570 - Error in empty content check: shape does not contain a chart
2025-10-27 09:29:10 | ERROR    | app.services.slide_validator:_check_layout_integrity:589 - Error in layout integrity check: shape does not contain a chart
2025-10-27 09:29:10 | INFO     | app.services.slide_validator:validate_slide:236 - Enhanced slide validation: valid=False, critical=1, warnings=3, time=8.5ms
2025-10-27 09:29:10 | INFO     | app.services.slide_validator:validate_slide:236 - Enhanced slide validation: valid=False, critical=1, warnings=3, time=7.0ms
2025-10-27 09:29:10 | INFO     | app.services.slide_validator:validate_slide:236 - Enhanced slide validation: valid=False, critical=1, warnings=3, time=7.3ms
2025-10-27 09:29:10 | INFO     | app.services.slide_validator:validate_slide:236 - Enhanced slide validation: valid=True, critical=0, warnings=2, time=5.1ms
2025-10-27 09:29:10 | INFO     | app.services.slide_validator:validate_slide:236 - Enhanced slide validation: valid=True, critical=0, warnings=4, time=7.2ms
2025-10-27 09:29:10 | INFO     | app.services.slide_validator:validate_slide:236 - Enhanced slide validation: valid=True, critical=0, warnings=7, time=9.1ms
2025-10-27 09:29:10 | ERROR    | app.services.slide_validator:_check_empty_content:1570 - Error in empty content check: shape does not contain a chart
2025-10-27 09:29:10 | ERROR    | app.services.slide_validator:_check_layout_integrity:589 - Error in layout integrity check: shape does not contain a chart
2025-10-27 09:29:10 | INFO     | app.services.slide_validator:validate_slide:236 - Enhanced slide validation: valid=True, critical=0, warnings=4, time=6.1ms
2025-10-27 09:29:10 | INFO     | app.services.slide_validator:validate_slide:236 - Enhanced slide validation: valid=True, critical=0, warnings=4, time=5.8ms
2025-10-27 09:29:10 | INFO     | app.services.slide_validator:validate_slide:236 - Enhanced slide validation: valid=True, critical=0, warnings=4, time=4.7ms
2025-10-27 09:29:10 | INFO     | app.services.slide_validator:validate_slide:236 - Enhanced slide validation: valid=True, critical=0, warnings=2, time=4.8ms
2025-10-27 09:29:10 | INFO     | app.services.slide_validator:validate_slide:236 - Enhanced slide validation: valid=True, critical=0, warnings=4, time=4.3ms
2025-10-27 09:29:10 | INFO     | app.services.slide_validator:validate_slide:236 - Enhanced slide validation: valid=True, critical=0, warnings=7, time=8.3ms
2025-10-27 09:29:10 | ERROR    | app.services.slide_validator:_check_empty_content:1570 - Error in empty content check: shape does not contain a chart
2025-10-27 09:29:10 | ERROR    | app.services.slide_validator:_check_layout_integrity:589 - Error in layout integrity check: shape does not contain a chart
2025-10-27 09:29:10 | INFO     | app.services.slide_validator:validate_slide:236 - Enhanced slide validation: valid=True, critical=0, warnings=4, time=5.5ms
2025-10-27 09:29:10 | INFO     | app.services.slide_validator:validate_slide:236 - Enhanced slide validation: valid=True, critical=0, warnings=4, time=5.0ms
2025-10-27 09:29:10 | INFO     | app.services.slide_validator:validate_slide:236 - Enhanced slide validation: valid=True, critical=0, warnings=4, time=4.5ms
2025-10-27 09:30:37 | WARNING  | app.services.text_fitter:_detect_system_fonts:140 - fonttools not available, using simplified font detection
2025-10-27 09:30:37 | INFO     | app.services.text_fitter:_initialize_fonts:94 - Font system initialized with 4 fonts
2025-10-27 09:30:37 | INFO     | app.services.text_fitter:__init__:87 - Enhanced TextFitter initialized with PIL integration
2025-10-27 09:30:37 | INFO     | app.services.slide_validator:__init__:107 - Enhanced TextFitter integration enabled for validation
2025-10-27 09:30:37 | WARNING  | app.services.text_fitter:_detect_system_fonts:140 - fonttools not available, using simplified font detection
2025-10-27 09:30:37 | INFO     | app.services.text_fitter:_initialize_fonts:94 - Font system initialized with 4 fonts
2025-10-27 09:30:37 | INFO     | app.services.text_fitter:__init__:87 - Enhanced TextFitter initialized with PIL integration
2025-10-27 09:30:37 | INFO     | app.services.slide_validator:__init__:107 - Enhanced TextFitter integration enabled for validation
2025-10-27 09:30:37 | INFO     | app.services.slide_validator:validate_slide:237 - Enhanced slide validation: valid=False, critical=2, warnings=3, time=20.1ms
2025-10-27 09:30:37 | INFO     | app.services.slide_validator:validate_slide:237 - Enhanced slide validation: valid=False, critical=1, warnings=3, time=6.3ms
2025-10-27 09:30:37 | INFO     | app.services.slide_validator:validate_slide:237 - Enhanced slide validation: valid=False, critical=1, warnings=6, time=9.9ms
2025-10-27 09:30:37 | INFO     | app.services.slide_validator:validate_slide:237 - Enhanced slide validation: valid=False, critical=1, warnings=2, time=4.8ms
2025-10-27 09:30:37 | INFO     | app.services.slide_validator:validate_slide:237 - Enhanced slide validation: valid=False, critical=1, warnings=3, time=5.6ms
2025-10-27 09:30:37 | INFO     | app.services.slide_validator:validate_slide:237 - Enhanced slide validation: valid=False, critical=1, warnings=3, time=5.8ms
2025-10-27 09:30:37 | INFO     | app.services.slide_validator:validate_slide:237 - Enhanced slide validation: valid=True, critical=0, warnings=2, time=5.1ms
2025-10-27 09:30:37 | INFO     | app.services.slide_validator:validate_slide:237 - Enhanced slide validation: valid=True, critical=0, warnings=4, time=6.0ms
2025-10-27 09:30:37 | INFO     | app.services.slide_validator:validate_slide:237 - Enhanced slide validation: valid=True, critical=0, warnings=7, time=9.6ms
2025-10-27 09:30:37 | INFO     | app.services.slide_validator:validate_slide:237 - Enhanced slide validation: valid=True, critical=0, warnings=3, time=4.8ms
2025-10-27 09:30:37 | INFO     | app.services.slide_validator:validate_slide:237 - Enhanced slide validation: valid=True, critical=0, warnings=4, time=5.5ms
2025-10-27 09:30:37 | INFO     | app.services.slide_validator:validate_slide:237 - Enhanced slide validation: valid=True, critical=0, warnings=4, time=7.5ms
2025-10-27 09:30:37 | INFO     | app.services.slide_validator:validate_slide:237 - Enhanced slide validation: valid=True, critical=0, warnings=2, time=5.1ms
2025-10-27 09:30:37 | INFO     | app.services.slide_validator:validate_slide:237 - Enhanced slide validation: valid=True, critical=0, warnings=4, time=5.3ms
2025-10-27 09:30:37 | INFO     | app.services.slide_validator:validate_slide:237 - Enhanced slide validation: valid=True, critical=0, warnings=7, time=10.1ms
2025-10-27 09:30:37 | INFO     | app.services.slide_validator:validate_slide:237 - Enhanced slide validation: valid=True, critical=0, warnings=3, time=5.6ms
2025-10-27 09:30:37 | INFO     | app.services.slide_validator:validate_slide:237 - Enhanced slide validation: valid=True, critical=0, warnings=4, time=6.5ms
2025-10-27 09:30:37 | INFO     | app.services.slide_validator:validate_slide:237 - Enhanced slide validation: valid=True, critical=0, warnings=4, time=5.6ms
2025-10-27 09:34:09 | WARNING  | app.services.text_fitter:_detect_system_fonts:140 - fonttools not available, using simplified font detection
2025-10-27 09:34:09 | INFO     | app.services.text_fitter:_initialize_fonts:94 - Font system initialized with 4 fonts
2025-10-27 09:34:09 | INFO     | app.services.text_fitter:__init__:87 - Enhanced TextFitter initialized with PIL integration
2025-10-27 09:34:09 | INFO     | app.services.slide_validator:__init__:107 - Enhanced TextFitter integration enabled for validation
2025-10-27 09:34:09 | WARNING  | app.services.text_fitter:_detect_system_fonts:140 - fonttools not available, using simplified font detection
2025-10-27 09:34:09 | INFO     | app.services.text_fitter:_initialize_fonts:94 - Font system initialized with 4 fonts
2025-10-27 09:34:09 | INFO     | app.services.text_fitter:__init__:87 - Enhanced TextFitter initialized with PIL integration
2025-10-27 09:34:09 | INFO     | app.services.slide_validator:__init__:107 - Enhanced TextFitter integration enabled for validation
2025-10-27 09:34:09 | INFO     | app.services.slide_validator:validate_slide:237 - Enhanced slide validation: valid=False, critical=2, warnings=3, time=24.6ms
2025-10-27 09:34:09 | INFO     | app.services.slide_validator:validate_slide:237 - Enhanced slide validation: valid=False, critical=1, warnings=3, time=6.3ms
2025-10-27 09:34:09 | INFO     | app.services.slide_validator:validate_slide:237 - Enhanced slide validation: valid=False, critical=1, warnings=6, time=8.5ms
2025-10-27 09:34:09 | INFO     | app.services.slide_validator:validate_slide:237 - Enhanced slide validation: valid=False, critical=1, warnings=2, time=3.8ms
2025-10-27 09:34:09 | INFO     | app.services.slide_validator:validate_slide:237 - Enhanced slide validation: valid=False, critical=1, warnings=3, time=4.4ms
2025-10-27 09:34:09 | INFO     | app.services.slide_validator:validate_slide:237 - Enhanced slide validation: valid=False, critical=1, warnings=3, time=4.3ms
2025-10-27 09:34:09 | INFO     | app.services.slide_validator:validate_slide:237 - Enhanced slide validation: valid=True, critical=0, warnings=2, time=3.8ms
2025-10-27 09:34:09 | INFO     | app.services.slide_validator:validate_slide:237 - Enhanced slide validation: valid=True, critical=0, warnings=4, time=4.0ms
2025-10-27 09:34:09 | INFO     | app.services.slide_validator:validate_slide:237 - Enhanced slide validation: valid=True, critical=0, warnings=7, time=7.8ms
2025-10-27 09:34:09 | INFO     | app.services.slide_validator:validate_slide:237 - Enhanced slide validation: valid=True, critical=0, warnings=3, time=4.2ms
2025-10-27 09:34:09 | INFO     | app.services.slide_validator:validate_slide:237 - Enhanced slide validation: valid=True, critical=0, warnings=4, time=3.9ms
2025-10-27 09:34:09 | INFO     | app.services.slide_validator:validate_slide:237 - Enhanced slide validation: valid=True, critical=0, warnings=4, time=3.3ms
2025-10-27 09:34:09 | INFO     | app.services.slide_validator:validate_slide:237 - Enhanced slide validation: valid=True, critical=0, warnings=2, time=3.8ms
2025-10-27 09:34:09 | INFO     | app.services.slide_validator:validate_slide:237 - Enhanced slide validation: valid=True, critical=0, warnings=4, time=3.9ms
2025-10-27 09:34:09 | INFO     | app.services.slide_validator:validate_slide:237 - Enhanced slide validation: valid=True, critical=0, warnings=7, time=7.1ms
2025-10-27 09:34:09 | INFO     | app.services.slide_validator:validate_slide:237 - Enhanced slide validation: valid=True, critical=0, warnings=3, time=2.8ms
2025-10-27 09:34:09 | INFO     | app.services.slide_validator:validate_slide:237 - Enhanced slide validation: valid=True, critical=0, warnings=4, time=4.2ms
2025-10-27 09:34:09 | INFO     | app.services.slide_validator:validate_slide:237 - Enhanced slide validation: valid=True, critical=0, warnings=4, time=3.8ms
